<?xml version="1.0" encoding="UTF-8"?>
<!-- Generated by org.testng.reporters.JUnitReportReporter -->
<testsuite skipped="0" hostname="sys" name="getRequest.GetData" tests="1" failures="0" timestamp="21 Apr 2019 20:44:23 GMT" time="5.353" errors="0">
  <testcase name="testResponsecode" time="5.353" classname="getRequest.GetData"/>
</testsuite> <!-- getRequest.GetData -->
