<?xml version="1.0" encoding="UTF-8"?>
<!-- Generated by org.testng.reporters.JUnitReportReporter -->
<testsuite skipped="0" hostname="sys" name="Test_Cases.ResourcePostTests" tests="3" failures="0" timestamp="22 Apr 2019 15:46:15 GMT" time="3.410" errors="0">
  <testcase name="resource_Posts_Get" time="3.064" classname="Test_Cases.ResourcePostTests"/>
  <testcase name="resource_Posts_Post" time="0.221" classname="Test_Cases.ResourcePostTests"/>
  <testcase name="resource_Posts_Put" time="0.125" classname="Test_Cases.ResourcePostTests"/>
</testsuite> <!-- Test_Cases.ResourcePostTests -->
